# JRE version: OpenJDK Runtime Environment GraalVM CE 22.3.0 (17.0.5+8) (build 17.0.5+8-jvmci-22.3-b08)
# Java VM: OpenJDK 64-Bit Server VM GraalVM CE 22.3.0 (17.0.5+8-jvmci-22.3-b08, mixed mode, sharing, tiered, jvmci, jvmci compiler, compressed oops, compressed class ptrs, parallel gc, linux-amd64)
GC Precious Log:
 CPUs: 8 total, 1 available
 Memory: 1024M
 Large Page Support: Disabled
 NUMA Support: Disabled
 Compressed Oops: Enabled (32-bit)
 Alignments: Space 512K, Generation 512K, Heap 2M
 Heap Min Capacity: 100M
 Heap Initial Capacity: 100M
 Heap Max Capacity: 512M
 Pre-touch: Disabled
 Parallel Workers: 1
Heap:
 PSYoungGen      total 56832K, used 41471K [0x00000000f5580000, 0x00000000f9d00000, 0x0000000100000000)
  eden space 41472K, 99% used [0x00000000f5580000,0x00000000f7dffff8,0x00000000f7e00000)
  from space 15360K, 0% used [0x00000000f8d00000,0x00000000f8d00000,0x00000000f9c00000)
  to   space 512K, 0% used [0x00000000f7f00000,0x00000000f7f00000,0x00000000f7f80000)
 ParOldGen       total 349696K, used 349696K [0x00000000e0000000, 0x00000000f5580000, 0x00000000f5580000)
  object space 349696K, 100% used [0x00000000e0000000,0x00000000f5580000,0x00000000f5580000)
 Metaspace       used 65250K, committed 66368K, reserved 1114112K
  class space    used 6240K, committed 6656K, reserved 1048576K
GC Heap History (20 events):
Event: 1740.175 GC heap before
{Heap before GC invocations=1505 (full 1373):
 PSYoungGen      total 56832K, used 41471K [0x00000000f5580000, 0x00000000f9d00000, 0x0000000100000000)
  eden space 41472K, 99% used [0x00000000f5580000,0x00000000f7dffff8,0x00000000f7e00000)
  from space 15360K, 0% used [0x00000000f8d00000,0x00000000f8d00000,0x00000000f9c00000)
  to   space 512K, 0% used [0x00000000f7f00000,0x00000000f7f00000,0x00000000f7f80000)
 ParOldGen       total 349696K, used 349695K [0x00000000e0000000, 0x00000000f5580000, 0x00000000f5580000)
  object space 349696K, 99% used [0x00000000e0000000,0x00000000f557fcc0,0x00000000f5580000)
 Metaspace       used 65250K, committed 66368K, reserved 1114112K
  class space    used 6240K, committed 6656K, reserved 1048576K
}
Event: 1741.489 GC heap after
{Heap after GC invocations=1505 (full 1373):
 PSYoungGen      total 41984K, used 41471K [0x00000000f5580000, 0x00000000f9d00000, 0x0000000100000000)
  eden space 41472K, 99% used [0x00000000f5580000,0x00000000f7dfffb8,0x00000000f7e00000)
  from space 512K, 0% used [0x00000000f7f00000,0x00000000f7f00000,0x00000000f7f80000)
  to   space 15360K, 0% used [0x00000000f8d00000,0x00000000f8d00000,0x00000000f9c00000)
 ParOldGen       total 349696K, used 349694K [0x00000000e0000000, 0x00000000f5580000, 0x00000000f5580000)
  object space 349696K, 99% used [0x00000000e0000000,0x00000000f557fa98,0x00000000f5580000)
 Metaspace       used 65250K, committed 66368K, reserved 1114112K
  class space    used 6240K, committed 6656K, reserved 1048576K
}
Event: 1741.490 GC heap before
{Heap before GC invocations=1506 (full 1374):
 PSYoungGen      total 41984K, used 41471K [0x00000000f5580000, 0x00000000f9d00000, 0x0000000100000000)
  eden space 41472K, 99% used [0x00000000f5580000,0x00000000f7dffff8,0x00000000f7e00000)
  from space 512K, 0% used [0x00000000f7f00000,0x00000000f7f00000,0x00000000f7f80000)
  to   space 15360K, 0% used [0x00000000f8d00000,0x00000000f8d00000,0x00000000f9c00000)
 ParOldGen       total 349696K, used 349694K [0x00000000e0000000, 0x00000000f5580000, 0x00000000f5580000)
  object space 349696K, 99% used [0x00000000e0000000,0x00000000f557fa98,0x00000000f5580000)
 Metaspace       used 65250K, committed 66368K, reserved 1114112K
  class space    used 6240K, committed 6656K, reserved 1048576K
}
Event: 1742.950 GC heap after
{Heap after GC invocations=1506 (full 1374):
 PSYoungGen      total 56832K, used 41471K [0x00000000f5580000, 0x00000000f9d00000, 0x0000000100000000)
  eden space 41472K, 99% used [0x00000000f5580000,0x00000000f7dfffb8,0x00000000f7e00000)
  from space 15360K, 0% used [0x00000000f8d00000,0x00000000f8d00000,0x00000000f9c00000)
  to   space 512K, 0% used [0x00000000f7f00000,0x00000000f7f00000,0x00000000f7f80000)
 ParOldGen       total 349696K, used 349694K [0x00000000e0000000, 0x00000000f5580000, 0x00000000f5580000)
  object space 349696K, 99% used [0x00000000e0000000,0x00000000f557fa68,0x00000000f5580000)
 Metaspace       used 65250K, committed 66368K, reserved 1114112K
  class space    used 6240K, committed 6656K, reserved 1048576K
}
Event: 1742.950 GC heap before
{Heap before GC invocations=1507 (full 1375):
 PSYoungGen      total 56832K, used 41471K [0x00000000f5580000, 0x00000000f9d00000, 0x0000000100000000)
  eden space 41472K, 99% used [0x00000000f5580000,0x00000000f7dffff0,0x00000000f7e00000)
  from space 15360K, 0% used [0x00000000f8d00000,0x00000000f8d00000,0x00000000f9c00000)
  to   space 512K, 0% used [0x00000000f7f00000,0x00000000f7f00000,0x00000000f7f80000)
 ParOldGen       total 349696K, used 349694K [0x00000000e0000000, 0x00000000f5580000, 0x00000000f5580000)
  object space 349696K, 99% used [0x00000000e0000000,0x00000000f557fa68,0x00000000f5580000)
 Metaspace       used 65250K, committed 66368K, reserved 1114112K
  class space    used 6240K, committed 6656K, reserved 1048576K
}
Event: 1744.296 GC heap after
{Heap after GC invocations=1507 (full 1375):
 PSYoungGen      total 41984K, used 41471K [0x00000000f5580000, 0x00000000f9d00000, 0x0000000100000000)
  eden space 41472K, 99% used [0x00000000f5580000,0x00000000f7dfffd8,0x00000000f7e00000)
  from space 512K, 0% used [0x00000000f7f00000,0x00000000f7f00000,0x00000000f7f80000)
  to   space 15360K, 0% used [0x00000000f8d00000,0x00000000f8d00000,0x00000000f9c00000)
 ParOldGen       total 349696K, used 349694K [0x00000000e0000000, 0x00000000f5580000, 0x00000000f5580000)
  object space 349696K, 99% used [0x00000000e0000000,0x00000000f557fa68,0x00000000f5580000)
 Metaspace       used 65250K, committed 66368K, reserved 1114112K
  class space    used 6240K, committed 6656K, reserved 1048576K
}
Event: 1744.296 GC heap before
{Heap before GC invocations=1508 (full 1376):
 PSYoungGen      total 41984K, used 41471K [0x00000000f5580000, 0x00000000f9d00000, 0x0000000100000000)
  eden space 41472K, 99% used [0x00000000f5580000,0x00000000f7dffff8,0x00000000f7e00000)
  from space 512K, 0% used [0x00000000f7f00000,0x00000000f7f00000,0x00000000f7f80000)
  to   space 15360K, 0% used [0x00000000f8d00000,0x00000000f8d00000,0x00000000f9c00000)
 ParOldGen       total 349696K, used 349694K [0x00000000e0000000, 0x00000000f5580000, 0x00000000f5580000)
  object space 349696K, 99% used [0x00000000e0000000,0x00000000f557fa68,0x00000000f5580000)
 Metaspace       used 65250K, committed 66368K, reserved 1114112K
  class space    used 6240K, committed 6656K, reserved 1048576K
}
Event: 1745.559 GC heap after
{Heap after GC invocations=1508 (full 1376):
 PSYoungGen      total 56832K, used 41471K [0x00000000f5580000, 0x00000000f9d00000, 0x0000000100000000)
  eden space 41472K, 99% used [0x00000000f5580000,0x00000000f7dfffd8,0x00000000f7e00000)
  from space 15360K, 0% used [0x00000000f8d00000,0x00000000f8d00000,0x00000000f9c00000)
  to   space 512K, 0% used [0x00000000f7f00000,0x00000000f7f00000,0x00000000f7f80000)
 ParOldGen       total 349696K, used 349694K [0x00000000e0000000, 0x00000000f5580000, 0x00000000f5580000)
  object space 349696K, 99% used [0x00000000e0000000,0x00000000f557fa68,0x00000000f5580000)
 Metaspace       used 65250K, committed 66368K, reserved 1114112K
  class space    used 6240K, committed 6656K, reserved 1048576K
}
Event: 1745.559 GC heap before
{Heap before GC invocations=1509 (full 1377):
 PSYoungGen      total 56832K, used 41472K [0x00000000f5580000, 0x00000000f9d00000, 0x0000000100000000)
  eden space 41472K, 100% used [0x00000000f5580000,0x00000000f7e00000,0x00000000f7e00000)
  from space 15360K, 0% used [0x00000000f8d00000,0x00000000f8d00000,0x00000000f9c00000)
  to   space 512K, 0% used [0x00000000f7f00000,0x00000000f7f00000,0x00000000f7f80000)
 ParOldGen       total 349696K, used 349694K [0x00000000e0000000, 0x00000000f5580000, 0x00000000f5580000)
  object space 349696K, 99% used [0x00000000e0000000,0x00000000f557fa68,0x00000000f5580000)
 Metaspace       used 65250K, committed 66368K, reserved 1114112K
  class space    used 6240K, committed 6656K, reserved 1048576K
}
Event: 1746.988 GC heap after
{Heap after GC invocations=1509 (full 1377):
 PSYoungGen      total 41984K, used 41471K [0x00000000f5580000, 0x00000000f9d00000, 0x0000000100000000)
  eden space 41472K, 99% used [0x00000000f5580000,0x00000000f7dfffc8,0x00000000f7e00000)
  from space 512K, 0% used [0x00000000f7f00000,0x00000000f7f00000,0x00000000f7f80000)
  to   space 15360K, 0% used [0x00000000f8d00000,0x00000000f8d00000,0x00000000f9c00000)
 ParOldGen       total 349696K, used 349694K [0x00000000e0000000, 0x00000000f5580000, 0x00000000f5580000)
  object space 349696K, 99% used [0x00000000e0000000,0x00000000f557fa68,0x00000000f5580000)
 Metaspace       used 65250K, committed 66368K, reserved 1114112K
  class space    used 6240K, committed 6656K, reserved 1048576K
}
Event: 1746.988 GC heap before
{Heap before GC invocations=1510 (full 1378):
 PSYoungGen      total 41984K, used 41471K [0x00000000f5580000, 0x00000000f9d00000, 0x0000000100000000)
  eden space 41472K, 99% used [0x00000000f5580000,0x00000000f7dfffe8,0x00000000f7e00000)
  from space 512K, 0% used [0x00000000f7f00000,0x00000000f7f00000,0x00000000f7f80000)
  to   space 15360K, 0% used [0x00000000f8d00000,0x00000000f8d00000,0x00000000f9c00000)
 ParOldGen       total 349696K, used 349694K [0x00000000e0000000, 0x00000000f5580000, 0x00000000f5580000)
  object space 349696K, 99% used [0x00000000e0000000,0x00000000f557fa68,0x00000000f5580000)
 Metaspace       used 65250K, committed 66368K, reserved 1114112K
  class space    used 6240K, committed 6656K, reserved 1048576K
}
Event: 1748.190 GC heap after
{Heap after GC invocations=1510 (full 1378):
 PSYoungGen      total 56832K, used 41471K [0x00000000f5580000, 0x00000000f9d00000, 0x0000000100000000)
  eden space 41472K, 99% used [0x00000000f5580000,0x00000000f7dfffe8,0x00000000f7e00000)
  from space 15360K, 0% used [0x00000000f8d00000,0x00000000f8d00000,0x00000000f9c00000)
  to   space 512K, 0% used [0x00000000f7f00000,0x00000000f7f00000,0x00000000f7f80000)
 ParOldGen       total 349696K, used 349694K [0x00000000e0000000, 0x00000000f5580000, 0x00000000f5580000)
  object space 349696K, 99% used [0x00000000e0000000,0x00000000f557fa68,0x00000000f5580000)
 Metaspace       used 65250K, committed 66368K, reserved 1114112K
  class space    used 6240K, committed 6656K, reserved 1048576K
}
Event: 1748.190 GC heap before
{Heap before GC invocations=1511 (full 1379):
 PSYoungGen      total 56832K, used 41471K [0x00000000f5580000, 0x00000000f9d00000, 0x0000000100000000)
  eden space 41472K, 99% used [0x00000000f5580000,0x00000000f7dffff8,0x00000000f7e00000)
  from space 15360K, 0% used [0x00000000f8d00000,0x00000000f8d00000,0x00000000f9c00000)
  to   space 512K, 0% used [0x00000000f7f00000,0x00000000f7f00000,0x00000000f7f80000)
 ParOldGen       total 349696K, used 349695K [0x00000000e0000000, 0x00000000f5580000, 0x00000000f5580000)
  object space 349696K, 99% used [0x00000000e0000000,0x00000000f557fd80,0x00000000f5580000)
 Metaspace       used 65250K, committed 66368K, reserved 1114112K
  class space    used 6240K, committed 6656K, reserved 1048576K
}
Event: 1749.487 GC heap after
{Heap after GC invocations=1511 (full 1379):
 PSYoungGen      total 41984K, used 41471K [0x00000000f5580000, 0x00000000f9d00000, 0x0000000100000000)
  eden space 41472K, 99% used [0x00000000f5580000,0x00000000f7dfffd8,0x00000000f7e00000)
  from space 512K, 0% used [0x00000000f7f00000,0x00000000f7f00000,0x00000000f7f80000)
  to   space 15360K, 0% used [0x00000000f8d00000,0x00000000f8d00000,0x00000000f9c00000)
 ParOldGen       total 349696K, used 349694K [0x00000000e0000000, 0x00000000f5580000, 0x00000000f5580000)
  object space 349696K, 99% used [0x00000000e0000000,0x00000000f557fbe0,0x00000000f5580000)
 Metaspace       used 65250K, committed 66368K, reserved 1114112K
  class space    used 6240K, committed 6656K, reserved 1048576K
}
Event: 1749.488 GC heap before
{Heap before GC invocations=1512 (full 1380):
 PSYoungGen      total 41984K, used 41471K [0x00000000f5580000, 0x00000000f9d00000, 0x0000000100000000)
  eden space 41472K, 99% used [0x00000000f5580000,0x00000000f7dffff8,0x00000000f7e00000)
  from space 512K, 0% used [0x00000000f7f00000,0x00000000f7f00000,0x00000000f7f80000)
  to   space 15360K, 0% used [0x00000000f8d00000,0x00000000f8d00000,0x00000000f9c00000)
 ParOldGen       total 349696K, used 349696K [0x00000000e0000000, 0x00000000f5580000, 0x00000000f5580000)
  object space 349696K, 100% used [0x00000000e0000000,0x00000000f5580000,0x00000000f5580000)
 Metaspace       used 65250K, committed 66368K, reserved 1114112K
  class space    used 6240K, committed 6656K, reserved 1048576K
}
Event: 1750.705 GC heap after
{Heap after GC invocations=1512 (full 1380):
 PSYoungGen      total 56832K, used 41471K [0x00000000f5580000, 0x00000000f9d00000, 0x0000000100000000)
  eden space 41472K, 99% used [0x00000000f5580000,0x00000000f7dffff8,0x00000000f7e00000)
  from space 15360K, 0% used [0x00000000f8d00000,0x00000000f8d00000,0x00000000f9c00000)
  to   space 512K, 0% used [0x00000000f7f00000,0x00000000f7f00000,0x00000000f7f80000)
 ParOldGen       total 349696K, used 349695K [0x00000000e0000000, 0x00000000f5580000, 0x00000000f5580000)
  object space 349696K, 99% used [0x00000000e0000000,0x00000000f557fda8,0x00000000f5580000)
 Metaspace       used 65250K, committed 66368K, reserved 1114112K
  class space    used 6240K, committed 6656K, reserved 1048576K
}
Event: 1750.705 GC heap before
{Heap before GC invocations=1513 (full 1381):
 PSYoungGen      total 56832K, used 41471K [0x00000000f5580000, 0x00000000f9d00000, 0x0000000100000000)
  eden space 41472K, 99% used [0x00000000f5580000,0x00000000f7dffff8,0x00000000f7e00000)
  from space 15360K, 0% used [0x00000000f8d00000,0x00000000f8d00000,0x00000000f9c00000)
  to   space 512K, 0% used [0x00000000f7f00000,0x00000000f7f00000,0x00000000f7f80000)
 ParOldGen       total 349696K, used 349695K [0x00000000e0000000, 0x00000000f5580000, 0x00000000f5580000)
  object space 349696K, 99% used [0x00000000e0000000,0x00000000f557ff68,0x00000000f5580000)
 Metaspace       used 65250K, committed 66368K, reserved 1114112K
  class space    used 6240K, committed 6656K, reserved 1048576K
}
Event: 1751.888 GC heap after
{Heap after GC invocations=1513 (full 1381):
 PSYoungGen      total 41984K, used 41471K [0x00000000f5580000, 0x00000000f9d00000, 0x0000000100000000)
  eden space 41472K, 99% used [0x00000000f5580000,0x00000000f7dfffd8,0x00000000f7e00000)
  from space 512K, 0% used [0x00000000f7f00000,0x00000000f7f00000,0x00000000f7f80000)
  to   space 15360K, 0% used [0x00000000f8d00000,0x00000000f8d00000,0x00000000f9c00000)
 ParOldGen       total 349696K, used 349695K [0x00000000e0000000, 0x00000000f5580000, 0x00000000f5580000)
  object space 349696K, 99% used [0x00000000e0000000,0x00000000f557fda8,0x00000000f5580000)
 Metaspace       used 65250K, committed 66368K, reserved 1114112K
  class space    used 6240K, committed 6656K, reserved 1048576K
}
Event: 1751.888 GC heap before
{Heap before GC invocations=1514 (full 1382):
 PSYoungGen      total 41984K, used 41471K [0x00000000f5580000, 0x00000000f9d00000, 0x0000000100000000)
  eden space 41472K, 99% used [0x00000000f5580000,0x00000000f7dfffd8,0x00000000f7e00000)
  from space 512K, 0% used [0x00000000f7f00000,0x00000000f7f00000,0x00000000f7f80000)
  to   space 15360K, 0% used [0x00000000f8d00000,0x00000000f8d00000,0x00000000f9c00000)
 ParOldGen       total 349696K, used 349695K [0x00000000e0000000, 0x00000000f5580000, 0x00000000f5580000)
  object space 349696K, 99% used [0x00000000e0000000,0x00000000f557fda8,0x00000000f5580000)
 Metaspace       used 65250K, committed 66368K, reserved 1114112K
  class space    used 6240K, committed 6656K, reserved 1048576K
}
Event: 1753.096 GC heap after
{Heap after GC invocations=1514 (full 1382):
 PSYoungGen      total 56832K, used 41471K [0x00000000f5580000, 0x00000000f9d00000, 0x0000000100000000)
  eden space 41472K, 99% used [0x00000000f5580000,0x00000000f7dfffd8,0x00000000f7e00000)
  from space 15360K, 0% used [0x00000000f8d00000,0x00000000f8d00000,0x00000000f9c00000)
  to   space 512K, 0% used [0x00000000f7f00000,0x00000000f7f00000,0x00000000f7f80000)
 ParOldGen       total 349696K, used 349695K [0x00000000e0000000, 0x00000000f5580000, 0x00000000f5580000)
  object space 349696K, 99% used [0x00000000e0000000,0x00000000f557fda8,0x00000000f5580000)
 Metaspace       used 65250K, committed 66368K, reserved 1114112K
  class space    used 6240K, committed 6656K, reserved 1048576K
}

