# JRE version: OpenJDK Runtime Environment GraalVM CE 22.3.0 (17.0.5+8) (build 17.0.5+8-jvmci-22.3-b08)
# Java VM: OpenJDK 64-Bit Server VM GraalVM CE 22.3.0 (17.0.5+8-jvmci-22.3-b08, mixed mode, sharing, tiered, jvmci, jvmci compiler, compressed oops, compressed class ptrs, parallel gc, linux-amd64)
GC Precious Log:
 CPUs: 8 total, 1 available
 Memory: 1024M
 Large Page Support: Disabled
 NUMA Support: Disabled
 Compressed Oops: Enabled (32-bit)
 Alignments: Space 512K, Generation 512K, Heap 2M
 Heap Min Capacity: 100M
 Heap Initial Capacity: 100M
 Heap Max Capacity: 512M
 Pre-touch: Disabled
 Parallel Workers: 1
Heap:
 PSYoungGen      total 49152K, used 35640K [0x00000000f5580000, 0x00000000f9500000, 0x0000000100000000)
  eden space 34816K, 99% used [0x00000000f5580000,0x00000000f777fff8,0x00000000f7780000)
  from space 14336K, 5% used [0x00000000f7780000,0x00000000f784e2c0,0x00000000f8580000)
  to   space 12800K, 0% used [0x00000000f8880000,0x00000000f8880000,0x00000000f9500000)
 ParOldGen       total 349696K, used 349695K [0x00000000e0000000, 0x00000000f5580000, 0x00000000f5580000)
  object space 349696K, 99% used [0x00000000e0000000,0x00000000f557fef8,0x00000000f5580000)
 Metaspace       used 60023K, committed 61120K, reserved 1105920K
  class space    used 5922K, committed 6336K, reserved 1048576K
GC Heap History (20 events):
Event: 1127.012 GC heap before
{Heap before GC invocations=840 (full 724):
 PSYoungGen      total 49152K, used 35640K [0x00000000f5580000, 0x00000000f9500000, 0x0000000100000000)
  eden space 34816K, 100% used [0x00000000f5580000,0x00000000f7780000,0x00000000f7780000)
  from space 14336K, 5% used [0x00000000f7780000,0x00000000f784e2c0,0x00000000f8580000)
  to   space 12800K, 0% used [0x00000000f8880000,0x00000000f8880000,0x00000000f9500000)
 ParOldGen       total 349696K, used 349695K [0x00000000e0000000, 0x00000000f5580000, 0x00000000f5580000)
  object space 349696K, 99% used [0x00000000e0000000,0x00000000f557ffc0,0x00000000f5580000)
 Metaspace       used 60023K, committed 61120K, reserved 1105920K
  class space    used 5922K, committed 6336K, reserved 1048576K
}
Event: 1128.777 GC heap after
{Heap after GC invocations=840 (full 724):
 PSYoungGen      total 49152K, used 35640K [0x00000000f5580000, 0x00000000f9500000, 0x0000000100000000)
  eden space 34816K, 99% used [0x00000000f5580000,0x00000000f777ff78,0x00000000f7780000)
  from space 14336K, 5% used [0x00000000f7780000,0x00000000f784e2c0,0x00000000f8580000)
  to   space 12800K, 0% used [0x00000000f8880000,0x00000000f8880000,0x00000000f9500000)
 ParOldGen       total 349696K, used 349694K [0x00000000e0000000, 0x00000000f5580000, 0x00000000f5580000)
  object space 349696K, 99% used [0x00000000e0000000,0x00000000f557fae0,0x00000000f5580000)
 Metaspace       used 60023K, committed 61120K, reserved 1105920K
  class space    used 5922K, committed 6336K, reserved 1048576K
}
Event: 1128.777 GC heap before
{Heap before GC invocations=841 (full 725):
 PSYoungGen      total 49152K, used 35640K [0x00000000f5580000, 0x00000000f9500000, 0x0000000100000000)
  eden space 34816K, 100% used [0x00000000f5580000,0x00000000f7780000,0x00000000f7780000)
  from space 14336K, 5% used [0x00000000f7780000,0x00000000f784e2c0,0x00000000f8580000)
  to   space 12800K, 0% used [0x00000000f8880000,0x00000000f8880000,0x00000000f9500000)
 ParOldGen       total 349696K, used 349694K [0x00000000e0000000, 0x00000000f5580000, 0x00000000f5580000)
  object space 349696K, 99% used [0x00000000e0000000,0x00000000f557fae0,0x00000000f5580000)
 Metaspace       used 60023K, committed 61120K, reserved 1105920K
  class space    used 5922K, committed 6336K, reserved 1048576K
}
Event: 1130.333 GC heap after
{Heap after GC invocations=841 (full 725):
 PSYoungGen      total 49152K, used 35640K [0x00000000f5580000, 0x00000000f9500000, 0x0000000100000000)
  eden space 34816K, 99% used [0x00000000f5580000,0x00000000f777fff0,0x00000000f7780000)
  from space 14336K, 5% used [0x00000000f7780000,0x00000000f784e2c0,0x00000000f8580000)
  to   space 12800K, 0% used [0x00000000f8880000,0x00000000f8880000,0x00000000f9500000)
 ParOldGen       total 349696K, used 349694K [0x00000000e0000000, 0x00000000f5580000, 0x00000000f5580000)
  object space 349696K, 99% used [0x00000000e0000000,0x00000000f557fa28,0x00000000f5580000)
 Metaspace       used 60023K, committed 61120K, reserved 1105920K
  class space    used 5922K, committed 6336K, reserved 1048576K
}
Event: 1130.337 GC heap before
{Heap before GC invocations=842 (full 726):
 PSYoungGen      total 49152K, used 35640K [0x00000000f5580000, 0x00000000f9500000, 0x0000000100000000)
  eden space 34816K, 99% used [0x00000000f5580000,0x00000000f777fff0,0x00000000f7780000)
  from space 14336K, 5% used [0x00000000f7780000,0x00000000f784e2c0,0x00000000f8580000)
  to   space 12800K, 0% used [0x00000000f8880000,0x00000000f8880000,0x00000000f9500000)
 ParOldGen       total 349696K, used 349695K [0x00000000e0000000, 0x00000000f5580000, 0x00000000f5580000)
  object space 349696K, 99% used [0x00000000e0000000,0x00000000f557ff60,0x00000000f5580000)
 Metaspace       used 60023K, committed 61120K, reserved 1105920K
  class space    used 5922K, committed 6336K, reserved 1048576K
}
Event: 1131.806 GC heap after
{Heap after GC invocations=842 (full 726):
 PSYoungGen      total 49152K, used 35640K [0x00000000f5580000, 0x00000000f9500000, 0x0000000100000000)
  eden space 34816K, 99% used [0x00000000f5580000,0x00000000f777ffb8,0x00000000f7780000)
  from space 14336K, 5% used [0x00000000f7780000,0x00000000f784e2c0,0x00000000f8580000)
  to   space 12800K, 0% used [0x00000000f8880000,0x00000000f8880000,0x00000000f9500000)
 ParOldGen       total 349696K, used 349694K [0x00000000e0000000, 0x00000000f5580000, 0x00000000f5580000)
  object space 349696K, 99% used [0x00000000e0000000,0x00000000f557fbe8,0x00000000f5580000)
 Metaspace       used 60023K, committed 61120K, reserved 1105920K
  class space    used 5922K, committed 6336K, reserved 1048576K
}
Event: 1131.806 GC heap before
{Heap before GC invocations=843 (full 727):
 PSYoungGen      total 49152K, used 35640K [0x00000000f5580000, 0x00000000f9500000, 0x0000000100000000)
  eden space 34816K, 100% used [0x00000000f5580000,0x00000000f7780000,0x00000000f7780000)
  from space 14336K, 5% used [0x00000000f7780000,0x00000000f784e2c0,0x00000000f8580000)
  to   space 12800K, 0% used [0x00000000f8880000,0x00000000f8880000,0x00000000f9500000)
 ParOldGen       total 349696K, used 349695K [0x00000000e0000000, 0x00000000f5580000, 0x00000000f5580000)
  object space 349696K, 99% used [0x00000000e0000000,0x00000000f557ffe8,0x00000000f5580000)
 Metaspace       used 60023K, committed 61120K, reserved 1105920K
  class space    used 5922K, committed 6336K, reserved 1048576K
}
Event: 1133.286 GC heap after
{Heap after GC invocations=843 (full 727):
 PSYoungGen      total 49152K, used 35640K [0x00000000f5580000, 0x00000000f9500000, 0x0000000100000000)
  eden space 34816K, 99% used [0x00000000f5580000,0x00000000f777ff20,0x00000000f7780000)
  from space 14336K, 5% used [0x00000000f7780000,0x00000000f784e2c0,0x00000000f8580000)
  to   space 12800K, 0% used [0x00000000f8880000,0x00000000f8880000,0x00000000f9500000)
 ParOldGen       total 349696K, used 349694K [0x00000000e0000000, 0x00000000f5580000, 0x00000000f5580000)
  object space 349696K, 99% used [0x00000000e0000000,0x00000000f557fad8,0x00000000f5580000)
 Metaspace       used 60023K, committed 61120K, reserved 1105920K
  class space    used 5922K, committed 6336K, reserved 1048576K
}
Event: 1133.287 GC heap before
{Heap before GC invocations=844 (full 728):
 PSYoungGen      total 49152K, used 35640K [0x00000000f5580000, 0x00000000f9500000, 0x0000000100000000)
  eden space 34816K, 99% used [0x00000000f5580000,0x00000000f777fff8,0x00000000f7780000)
  from space 14336K, 5% used [0x00000000f7780000,0x00000000f784e2c0,0x00000000f8580000)
  to   space 12800K, 0% used [0x00000000f8880000,0x00000000f8880000,0x00000000f9500000)
 ParOldGen       total 349696K, used 349694K [0x00000000e0000000, 0x00000000f5580000, 0x00000000f5580000)
  object space 349696K, 99% used [0x00000000e0000000,0x00000000f557fad8,0x00000000f5580000)
 Metaspace       used 60023K, committed 61120K, reserved 1105920K
  class space    used 5922K, committed 6336K, reserved 1048576K
}
Event: 1134.793 GC heap after
{Heap after GC invocations=844 (full 728):
 PSYoungGen      total 49152K, used 35640K [0x00000000f5580000, 0x00000000f9500000, 0x0000000100000000)
  eden space 34816K, 99% used [0x00000000f5580000,0x00000000f777fff8,0x00000000f7780000)
  from space 14336K, 5% used [0x00000000f7780000,0x00000000f784e2c0,0x00000000f8580000)
  to   space 12800K, 0% used [0x00000000f8880000,0x00000000f8880000,0x00000000f9500000)
 ParOldGen       total 349696K, used 349694K [0x00000000e0000000, 0x00000000f5580000, 0x00000000f5580000)
  object space 349696K, 99% used [0x00000000e0000000,0x00000000f557fad8,0x00000000f5580000)
 Metaspace       used 60023K, committed 61120K, reserved 1105920K
  class space    used 5922K, committed 6336K, reserved 1048576K
}
Event: 1134.793 GC heap before
{Heap before GC invocations=845 (full 729):
 PSYoungGen      total 49152K, used 35640K [0x00000000f5580000, 0x00000000f9500000, 0x0000000100000000)
  eden space 34816K, 99% used [0x00000000f5580000,0x00000000f777fff8,0x00000000f7780000)
  from space 14336K, 5% used [0x00000000f7780000,0x00000000f784e2c0,0x00000000f8580000)
  to   space 12800K, 0% used [0x00000000f8880000,0x00000000f8880000,0x00000000f9500000)
 ParOldGen       total 349696K, used 349695K [0x00000000e0000000, 0x00000000f5580000, 0x00000000f5580000)
  object space 349696K, 99% used [0x00000000e0000000,0x00000000f557fe70,0x00000000f5580000)
 Metaspace       used 60023K, committed 61120K, reserved 1105920K
  class space    used 5922K, committed 6336K, reserved 1048576K
}
Event: 1136.300 GC heap after
{Heap after GC invocations=845 (full 729):
 PSYoungGen      total 49152K, used 35640K [0x00000000f5580000, 0x00000000f9500000, 0x0000000100000000)
  eden space 34816K, 99% used [0x00000000f5580000,0x00000000f777fff8,0x00000000f7780000)
  from space 14336K, 5% used [0x00000000f7780000,0x00000000f784e2c0,0x00000000f8580000)
  to   space 12800K, 0% used [0x00000000f8880000,0x00000000f8880000,0x00000000f9500000)
 ParOldGen       total 349696K, used 349695K [0x00000000e0000000, 0x00000000f5580000, 0x00000000f5580000)
  object space 349696K, 99% used [0x00000000e0000000,0x00000000f557fe70,0x00000000f5580000)
 Metaspace       used 60023K, committed 61120K, reserved 1105920K
  class space    used 5922K, committed 6336K, reserved 1048576K
}
Event: 1136.300 GC heap before
{Heap before GC invocations=846 (full 730):
 PSYoungGen      total 49152K, used 35640K [0x00000000f5580000, 0x00000000f9500000, 0x0000000100000000)
  eden space 34816K, 99% used [0x00000000f5580000,0x00000000f777fff8,0x00000000f7780000)
  from space 14336K, 5% used [0x00000000f7780000,0x00000000f784e2c0,0x00000000f8580000)
  to   space 12800K, 0% used [0x00000000f8880000,0x00000000f8880000,0x00000000f9500000)
 ParOldGen       total 349696K, used 349695K [0x00000000e0000000, 0x00000000f5580000, 0x00000000f5580000)
  object space 349696K, 99% used [0x00000000e0000000,0x00000000f557fe70,0x00000000f5580000)
 Metaspace       used 60023K, committed 61120K, reserved 1105920K
  class space    used 5922K, committed 6336K, reserved 1048576K
}
Event: 1137.700 GC heap after
{Heap after GC invocations=846 (full 730):
 PSYoungGen      total 49152K, used 35640K [0x00000000f5580000, 0x00000000f9500000, 0x0000000100000000)
  eden space 34816K, 99% used [0x00000000f5580000,0x00000000f777fff8,0x00000000f7780000)
  from space 14336K, 5% used [0x00000000f7780000,0x00000000f784e2c0,0x00000000f8580000)
  to   space 12800K, 0% used [0x00000000f8880000,0x00000000f8880000,0x00000000f9500000)
 ParOldGen       total 349696K, used 349695K [0x00000000e0000000, 0x00000000f5580000, 0x00000000f5580000)
  object space 349696K, 99% used [0x00000000e0000000,0x00000000f557fe70,0x00000000f5580000)
 Metaspace       used 60023K, committed 61120K, reserved 1105920K
  class space    used 5922K, committed 6336K, reserved 1048576K
}
Event: 1137.701 GC heap before
{Heap before GC invocations=847 (full 731):
 PSYoungGen      total 49152K, used 35640K [0x00000000f5580000, 0x00000000f9500000, 0x0000000100000000)
  eden space 34816K, 99% used [0x00000000f5580000,0x00000000f777fff8,0x00000000f7780000)
  from space 14336K, 5% used [0x00000000f7780000,0x00000000f784e2c0,0x00000000f8580000)
  to   space 12800K, 0% used [0x00000000f8880000,0x00000000f8880000,0x00000000f9500000)
 ParOldGen       total 349696K, used 349696K [0x00000000e0000000, 0x00000000f5580000, 0x00000000f5580000)
  object space 349696K, 100% used [0x00000000e0000000,0x00000000f5580000,0x00000000f5580000)
 Metaspace       used 60023K, committed 61120K, reserved 1105920K
  class space    used 5922K, committed 6336K, reserved 1048576K
}
Event: 1139.378 GC heap after
{Heap after GC invocations=847 (full 731):
 PSYoungGen      total 49152K, used 35640K [0x00000000f5580000, 0x00000000f9500000, 0x0000000100000000)
  eden space 34816K, 99% used [0x00000000f5580000,0x00000000f777fff8,0x00000000f7780000)
  from space 14336K, 5% used [0x00000000f7780000,0x00000000f784e2c0,0x00000000f8580000)
  to   space 12800K, 0% used [0x00000000f8880000,0x00000000f8880000,0x00000000f9500000)
 ParOldGen       total 349696K, used 349695K [0x00000000e0000000, 0x00000000f5580000, 0x00000000f5580000)
  object space 349696K, 99% used [0x00000000e0000000,0x00000000f557fe70,0x00000000f5580000)
 Metaspace       used 60023K, committed 61120K, reserved 1105920K
  class space    used 5922K, committed 6336K, reserved 1048576K
}
Event: 1139.379 GC heap before
{Heap before GC invocations=848 (full 732):
 PSYoungGen      total 49152K, used 35640K [0x00000000f5580000, 0x00000000f9500000, 0x0000000100000000)
  eden space 34816K, 99% used [0x00000000f5580000,0x00000000f777fff8,0x00000000f7780000)
  from space 14336K, 5% used [0x00000000f7780000,0x00000000f784e2c0,0x00000000f8580000)
  to   space 12800K, 0% used [0x00000000f8880000,0x00000000f8880000,0x00000000f9500000)
 ParOldGen       total 349696K, used 349695K [0x00000000e0000000, 0x00000000f5580000, 0x00000000f5580000)
  object space 349696K, 99% used [0x00000000e0000000,0x00000000f557fed8,0x00000000f5580000)
 Metaspace       used 60023K, committed 61120K, reserved 1105920K
  class space    used 5922K, committed 6336K, reserved 1048576K
}
Event: 1140.712 GC heap after
{Heap after GC invocations=848 (full 732):
 PSYoungGen      total 49152K, used 35640K [0x00000000f5580000, 0x00000000f9500000, 0x0000000100000000)
  eden space 34816K, 99% used [0x00000000f5580000,0x00000000f777fff8,0x00000000f7780000)
  from space 14336K, 5% used [0x00000000f7780000,0x00000000f784e2c0,0x00000000f8580000)
  to   space 12800K, 0% used [0x00000000f8880000,0x00000000f8880000,0x00000000f9500000)
 ParOldGen       total 349696K, used 349695K [0x00000000e0000000, 0x00000000f5580000, 0x00000000f5580000)
  object space 349696K, 99% used [0x00000000e0000000,0x00000000f557fe88,0x00000000f5580000)
 Metaspace       used 60023K, committed 61120K, reserved 1105920K
  class space    used 5922K, committed 6336K, reserved 1048576K
}
Event: 1140.712 GC heap before
{Heap before GC invocations=849 (full 733):
 PSYoungGen      total 49152K, used 35640K [0x00000000f5580000, 0x00000000f9500000, 0x0000000100000000)
  eden space 34816K, 99% used [0x00000000f5580000,0x00000000f777fff8,0x00000000f7780000)
  from space 14336K, 5% used [0x00000000f7780000,0x00000000f784e2c0,0x00000000f8580000)
  to   space 12800K, 0% used [0x00000000f8880000,0x00000000f8880000,0x00000000f9500000)
 ParOldGen       total 349696K, used 349695K [0x00000000e0000000, 0x00000000f5580000, 0x00000000f5580000)
  object space 349696K, 99% used [0x00000000e0000000,0x00000000f557fe88,0x00000000f5580000)
 Metaspace       used 60023K, committed 61120K, reserved 1105920K
  class space    used 5922K, committed 6336K, reserved 1048576K
}
Event: 1142.081 GC heap after
{Heap after GC invocations=849 (full 733):
 PSYoungGen      total 49152K, used 35640K [0x00000000f5580000, 0x00000000f9500000, 0x0000000100000000)
  eden space 34816K, 99% used [0x00000000f5580000,0x00000000f777fff8,0x00000000f7780000)
  from space 14336K, 5% used [0x00000000f7780000,0x00000000f784e2c0,0x00000000f8580000)
  to   space 12800K, 0% used [0x00000000f8880000,0x00000000f8880000,0x00000000f9500000)
 ParOldGen       total 349696K, used 349695K [0x00000000e0000000, 0x00000000f5580000, 0x00000000f5580000)
  object space 349696K, 99% used [0x00000000e0000000,0x00000000f557fe88,0x00000000f5580000)
 Metaspace       used 60023K, committed 61120K, reserved 1105920K
  class space    used 5922K, committed 6336K, reserved 1048576K
}

